[0.699s] Invoking command in '/home/heshan-sidantha/fyp_ws/buoy_sub_geo_sim': DEBUGINFOD_URLS=https://debuginfod.ubuntu.com PYTHONPATH=/home/heshan-sidantha/fyp_ws/build/buoy_sub_geo_sim/prefix_override:/usr/lib/python3/dist-packages/colcon_core/task/python/colcon_distutils_commands:/home/heshan-sidantha/fyp_ws/install/buoy_sub_geo_sim/lib/python3.12/site-packages:${PYTHONPATH} /usr/bin/python3 -W ignore:setup.py install is deprecated -W ignore:easy_install command is deprecated setup.py egg_info --egg-base ../build/buoy_sub_geo_sim build --build-base /home/heshan-sidantha/fyp_ws/build/buoy_sub_geo_sim/build install --record /home/heshan-sidantha/fyp_ws/build/buoy_sub_geo_sim/install.log --single-version-externally-managed install_data
[0.929s] running egg_info
[0.945s] writing ../build/buoy_sub_geo_sim/buoy_sub_geo_sim.egg-info/PKG-INFO
[0.945s] writing dependency_links to ../build/buoy_sub_geo_sim/buoy_sub_geo_sim.egg-info/dependency_links.txt
[0.945s] writing entry points to ../build/buoy_sub_geo_sim/buoy_sub_geo_sim.egg-info/entry_points.txt
[0.945s] writing requirements to ../build/buoy_sub_geo_sim/buoy_sub_geo_sim.egg-info/requires.txt
[0.946s] writing top-level names to ../build/buoy_sub_geo_sim/buoy_sub_geo_sim.egg-info/top_level.txt
[0.978s] reading manifest file '../build/buoy_sub_geo_sim/buoy_sub_geo_sim.egg-info/SOURCES.txt'
[0.978s] writing manifest file '../build/buoy_sub_geo_sim/buoy_sub_geo_sim.egg-info/SOURCES.txt'
[0.979s] running build
[0.979s] running build_py
[0.979s] running install
[0.984s] running install_lib
[1.001s] running install_data
[1.002s] running install_egg_info
[1.019s] removing '/home/heshan-sidantha/fyp_ws/install/buoy_sub_geo_sim/lib/python3.12/site-packages/buoy_sub_geo_sim-0.0.1-py3.12.egg-info' (and everything under it)
[1.019s] Copying ../build/buoy_sub_geo_sim/buoy_sub_geo_sim.egg-info to /home/heshan-sidantha/fyp_ws/install/buoy_sub_geo_sim/lib/python3.12/site-packages/buoy_sub_geo_sim-0.0.1-py3.12.egg-info
[1.020s] running install_scripts
[1.131s] Installing auto_runner script to /home/heshan-sidantha/fyp_ws/install/buoy_sub_geo_sim/lib/buoy_sub_geo_sim
[1.131s] Installing geo_estimator script to /home/heshan-sidantha/fyp_ws/install/buoy_sub_geo_sim/lib/buoy_sub_geo_sim
[1.131s] Installing logger_node script to /home/heshan-sidantha/fyp_ws/install/buoy_sub_geo_sim/lib/buoy_sub_geo_sim
[1.132s] Installing measurement_generator script to /home/heshan-sidantha/fyp_ws/install/buoy_sub_geo_sim/lib/buoy_sub_geo_sim
[1.132s] writing list of installed files to '/home/heshan-sidantha/fyp_ws/build/buoy_sub_geo_sim/install.log'
[1.165s] Invoked command in '/home/heshan-sidantha/fyp_ws/buoy_sub_geo_sim' returned '0': DEBUGINFOD_URLS=https://debuginfod.ubuntu.com PYTHONPATH=/home/heshan-sidantha/fyp_ws/build/buoy_sub_geo_sim/prefix_override:/usr/lib/python3/dist-packages/colcon_core/task/python/colcon_distutils_commands:/home/heshan-sidantha/fyp_ws/install/buoy_sub_geo_sim/lib/python3.12/site-packages:${PYTHONPATH} /usr/bin/python3 -W ignore:setup.py install is deprecated -W ignore:easy_install command is deprecated setup.py egg_info --egg-base ../build/buoy_sub_geo_sim build --build-base /home/heshan-sidantha/fyp_ws/build/buoy_sub_geo_sim/build install --record /home/heshan-sidantha/fyp_ws/build/buoy_sub_geo_sim/install.log --single-version-externally-managed install_data
