/home/heshan-sidantha/fyp_backup/backup_03/fyp_ws/install/buoy_sub_geo_sim/lib/python3.12/site-packages/buoy_sub_geo_sim/measurement_generator.py
/home/heshan-sidantha/fyp_backup/backup_03/fyp_ws/install/buoy_sub_geo_sim/lib/python3.12/site-packages/buoy_sub_geo_sim/auto_runner.py
/home/heshan-sidantha/fyp_backup/backup_03/fyp_ws/install/buoy_sub_geo_sim/lib/python3.12/site-packages/buoy_sub_geo_sim/__init__.py
/home/heshan-sidantha/fyp_backup/backup_03/fyp_ws/install/buoy_sub_geo_sim/lib/python3.12/site-packages/buoy_sub_geo_sim/logger_node.py
/home/heshan-sidantha/fyp_backup/backup_03/fyp_ws/install/buoy_sub_geo_sim/lib/python3.12/site-packages/buoy_sub_geo_sim/geo_model.py
/home/heshan-sidantha/fyp_backup/backup_03/fyp_ws/install/buoy_sub_geo_sim/lib/python3.12/site-packages/buoy_sub_geo_sim/geo_estimator.py
/home/heshan-sidantha/fyp_backup/backup_03/fyp_ws/install/buoy_sub_geo_sim/lib/python3.12/site-packages/buoy_sub_geo_sim/__pycache__/measurement_generator.cpython-312.pyc
/home/heshan-sidantha/fyp_backup/backup_03/fyp_ws/install/buoy_sub_geo_sim/lib/python3.12/site-packages/buoy_sub_geo_sim/__pycache__/auto_runner.cpython-312.pyc
/home/heshan-sidantha/fyp_backup/backup_03/fyp_ws/install/buoy_sub_geo_sim/lib/python3.12/site-packages/buoy_sub_geo_sim/__pycache__/__init__.cpython-312.pyc
/home/heshan-sidantha/fyp_backup/backup_03/fyp_ws/install/buoy_sub_geo_sim/lib/python3.12/site-packages/buoy_sub_geo_sim/__pycache__/logger_node.cpython-312.pyc
/home/heshan-sidantha/fyp_backup/backup_03/fyp_ws/install/buoy_sub_geo_sim/lib/python3.12/site-packages/buoy_sub_geo_sim/__pycache__/geo_model.cpython-312.pyc
/home/heshan-sidantha/fyp_backup/backup_03/fyp_ws/install/buoy_sub_geo_sim/lib/python3.12/site-packages/buoy_sub_geo_sim/__pycache__/geo_estimator.cpython-312.pyc
/home/heshan-sidantha/fyp_backup/backup_03/fyp_ws/install/buoy_sub_geo_sim/share/ament_index/resource_index/packages/buoy_sub_geo_sim
/home/heshan-sidantha/fyp_backup/backup_03/fyp_ws/install/buoy_sub_geo_sim/share/buoy_sub_geo_sim/package.xml
/home/heshan-sidantha/fyp_backup/backup_03/fyp_ws/install/buoy_sub_geo_sim/share/buoy_sub_geo_sim/launch/auto_sim.launch.py
/home/heshan-sidantha/fyp_backup/backup_03/fyp_ws/install/buoy_sub_geo_sim/share/buoy_sub_geo_sim/worlds/ocean_world.sdf
/home/heshan-sidantha/fyp_backup/backup_03/fyp_ws/install/buoy_sub_geo_sim/lib/python3.12/site-packages/buoy_sub_geo_sim-0.0.1-py3.12.egg-info/top_level.txt
/home/heshan-sidantha/fyp_backup/backup_03/fyp_ws/install/buoy_sub_geo_sim/lib/python3.12/site-packages/buoy_sub_geo_sim-0.0.1-py3.12.egg-info/SOURCES.txt
/home/heshan-sidantha/fyp_backup/backup_03/fyp_ws/install/buoy_sub_geo_sim/lib/python3.12/site-packages/buoy_sub_geo_sim-0.0.1-py3.12.egg-info/dependency_links.txt
/home/heshan-sidantha/fyp_backup/backup_03/fyp_ws/install/buoy_sub_geo_sim/lib/python3.12/site-packages/buoy_sub_geo_sim-0.0.1-py3.12.egg-info/entry_points.txt
/home/heshan-sidantha/fyp_backup/backup_03/fyp_ws/install/buoy_sub_geo_sim/lib/python3.12/site-packages/buoy_sub_geo_sim-0.0.1-py3.12.egg-info/zip-safe
/home/heshan-sidantha/fyp_backup/backup_03/fyp_ws/install/buoy_sub_geo_sim/lib/python3.12/site-packages/buoy_sub_geo_sim-0.0.1-py3.12.egg-info/PKG-INFO
/home/heshan-sidantha/fyp_backup/backup_03/fyp_ws/install/buoy_sub_geo_sim/lib/python3.12/site-packages/buoy_sub_geo_sim-0.0.1-py3.12.egg-info/requires.txt
/home/heshan-sidantha/fyp_backup/backup_03/fyp_ws/install/buoy_sub_geo_sim/lib/buoy_sub_geo_sim/auto_runner
/home/heshan-sidantha/fyp_backup/backup_03/fyp_ws/install/buoy_sub_geo_sim/lib/buoy_sub_geo_sim/geo_estimator
/home/heshan-sidantha/fyp_backup/backup_03/fyp_ws/install/buoy_sub_geo_sim/lib/buoy_sub_geo_sim/logger_node
/home/heshan-sidantha/fyp_backup/backup_03/fyp_ws/install/buoy_sub_geo_sim/lib/buoy_sub_geo_sim/measurement_generator
