[0.720s] Invoking command in '/home/heshan-sidantha/fyp_backup/backup_03/fyp_ws/buoy_sub_geo_sim': DEBUGINFOD_URLS=https://debuginfod.ubuntu.com PYTHONPATH=/home/heshan-sidantha/fyp_backup/backup_03/fyp_ws/build/buoy_sub_geo_sim/prefix_override:/usr/lib/python3/dist-packages/colcon_core/task/python/colcon_distutils_commands:/home/heshan-sidantha/fyp_backup/backup_03/fyp_ws/install/buoy_sub_geo_sim/lib/python3.12/site-packages:${PYTHONPATH} /usr/bin/python3 -W ignore:setup.py install is deprecated -W ignore:easy_install command is deprecated setup.py egg_info --egg-base ../build/buoy_sub_geo_sim build --build-base /home/heshan-sidantha/fyp_backup/backup_03/fyp_ws/build/buoy_sub_geo_sim/build install --record /home/heshan-sidantha/fyp_backup/backup_03/fyp_ws/build/buoy_sub_geo_sim/install.log --single-version-externally-managed install_data
[0.959s] running egg_info
[0.975s] writing ../build/buoy_sub_geo_sim/buoy_sub_geo_sim.egg-info/PKG-INFO
[0.975s] writing dependency_links to ../build/buoy_sub_geo_sim/buoy_sub_geo_sim.egg-info/dependency_links.txt
[0.975s] writing entry points to ../build/buoy_sub_geo_sim/buoy_sub_geo_sim.egg-info/entry_points.txt
[0.976s] writing requirements to ../build/buoy_sub_geo_sim/buoy_sub_geo_sim.egg-info/requires.txt
[0.976s] writing top-level names to ../build/buoy_sub_geo_sim/buoy_sub_geo_sim.egg-info/top_level.txt
[1.008s] reading manifest file '../build/buoy_sub_geo_sim/buoy_sub_geo_sim.egg-info/SOURCES.txt'
[1.009s] writing manifest file '../build/buoy_sub_geo_sim/buoy_sub_geo_sim.egg-info/SOURCES.txt'
[1.009s] running build
[1.010s] running build_py
[1.010s] running install
[1.016s] running install_lib
[1.033s] running install_data
[1.033s] running install_egg_info
[1.050s] removing '/home/heshan-sidantha/fyp_backup/backup_03/fyp_ws/install/buoy_sub_geo_sim/lib/python3.12/site-packages/buoy_sub_geo_sim-0.0.1-py3.12.egg-info' (and everything under it)
[1.050s] Copying ../build/buoy_sub_geo_sim/buoy_sub_geo_sim.egg-info to /home/heshan-sidantha/fyp_backup/backup_03/fyp_ws/install/buoy_sub_geo_sim/lib/python3.12/site-packages/buoy_sub_geo_sim-0.0.1-py3.12.egg-info
[1.051s] running install_scripts
[1.165s] Installing auto_runner script to /home/heshan-sidantha/fyp_backup/backup_03/fyp_ws/install/buoy_sub_geo_sim/lib/buoy_sub_geo_sim
[1.166s] Installing geo_estimator script to /home/heshan-sidantha/fyp_backup/backup_03/fyp_ws/install/buoy_sub_geo_sim/lib/buoy_sub_geo_sim
[1.166s] Installing logger_node script to /home/heshan-sidantha/fyp_backup/backup_03/fyp_ws/install/buoy_sub_geo_sim/lib/buoy_sub_geo_sim
[1.166s] Installing measurement_generator script to /home/heshan-sidantha/fyp_backup/backup_03/fyp_ws/install/buoy_sub_geo_sim/lib/buoy_sub_geo_sim
[1.166s] writing list of installed files to '/home/heshan-sidantha/fyp_backup/backup_03/fyp_ws/build/buoy_sub_geo_sim/install.log'
[1.200s] Invoked command in '/home/heshan-sidantha/fyp_backup/backup_03/fyp_ws/buoy_sub_geo_sim' returned '0': DEBUGINFOD_URLS=https://debuginfod.ubuntu.com PYTHONPATH=/home/heshan-sidantha/fyp_backup/backup_03/fyp_ws/build/buoy_sub_geo_sim/prefix_override:/usr/lib/python3/dist-packages/colcon_core/task/python/colcon_distutils_commands:/home/heshan-sidantha/fyp_backup/backup_03/fyp_ws/install/buoy_sub_geo_sim/lib/python3.12/site-packages:${PYTHONPATH} /usr/bin/python3 -W ignore:setup.py install is deprecated -W ignore:easy_install command is deprecated setup.py egg_info --egg-base ../build/buoy_sub_geo_sim build --build-base /home/heshan-sidantha/fyp_backup/backup_03/fyp_ws/build/buoy_sub_geo_sim/build install --record /home/heshan-sidantha/fyp_backup/backup_03/fyp_ws/build/buoy_sub_geo_sim/install.log --single-version-externally-managed install_data
