[0.094s] DEBUG:colcon:Command line arguments: ['/usr/bin/colcon', 'build']
[0.095s] DEBUG:colcon:Parsed command line arguments: Namespace(log_base=None, log_level=None, verb_name='build', build_base='build', install_base='install', merge_install=False, symlink_install=False, test_result_base=None, continue_on_error=False, executor='parallel', parallel_workers=16, event_handlers=None, ignore_user_meta=False, metas=['./colcon.meta'], base_paths=['.'], packages_ignore=None, packages_ignore_regex=None, paths=None, packages_up_to=None, packages_up_to_regex=None, packages_above=None, packages_above_and_dependencies=None, packages_above_depth=None, packages_select_by_dep=None, packages_skip_by_dep=None, packages_skip_up_to=None, packages_select_build_failed=False, packages_skip_build_finished=False, packages_select_test_failures=False, packages_skip_test_passed=False, packages_select=None, packages_skip=None, packages_select_regex=None, packages_skip_regex=None, packages_start=None, packages_end=None, allow_overriding=[], cmake_args=None, cmake_target=None, cmake_target_skip_unavailable=False, cmake_clean_cache=False, cmake_clean_first=False, cmake_force_configure=False, ament_cmake_args=None, catkin_cmake_args=None, catkin_skip_building_tests=False, verb_parser=<colcon_defaults.argument_parser.defaults.DefaultArgumentsDecorator object at 0x7c72a757a810>, verb_extension=<colcon_core.verb.build.BuildVerb object at 0x7c72a76a7e30>, main=<bound method BuildVerb.main of <colcon_core.verb.build.BuildVerb object at 0x7c72a76a7e30>>)
[0.126s] Level 1:colcon.colcon_core.package_discovery:discover_packages(colcon_meta) check parameters
[0.126s] Level 1:colcon.colcon_core.package_discovery:discover_packages(recursive) check parameters
[0.127s] Level 1:colcon.colcon_core.package_discovery:discover_packages(ignore) check parameters
[0.127s] Level 1:colcon.colcon_core.package_discovery:discover_packages(path) check parameters
[0.127s] Level 1:colcon.colcon_core.package_discovery:discover_packages(colcon_meta) discover
[0.127s] Level 1:colcon.colcon_core.package_discovery:discover_packages(recursive) discover
[0.127s] INFO:colcon.colcon_core.package_discovery:Crawling recursively for packages in '/home/heshan-sidantha/fyp_ws'
[0.127s] Level 1:colcon.colcon_core.package_identification:_identify(.) by extensions ['ignore', 'ignore_ament_install']
[0.127s] Level 1:colcon.colcon_core.package_identification:_identify(.) by extension 'ignore'
[0.127s] Level 1:colcon.colcon_core.package_identification:_identify(.) by extension 'ignore_ament_install'
[0.127s] Level 1:colcon.colcon_core.package_identification:_identify(.) by extensions ['colcon_pkg']
[0.127s] Level 1:colcon.colcon_core.package_identification:_identify(.) by extension 'colcon_pkg'
[0.127s] Level 1:colcon.colcon_core.package_identification:_identify(.) by extensions ['colcon_meta']
[0.127s] Level 1:colcon.colcon_core.package_identification:_identify(.) by extension 'colcon_meta'
[0.127s] Level 1:colcon.colcon_core.package_identification:_identify(.) by extensions ['ros']
[0.127s] Level 1:colcon.colcon_core.package_identification:_identify(.) by extension 'ros'
[0.149s] Level 1:colcon.colcon_core.package_identification:_identify(.) by extensions ['cmake', 'python']
[0.149s] Level 1:colcon.colcon_core.package_identification:_identify(.) by extension 'cmake'
[0.149s] Level 1:colcon.colcon_core.package_identification:_identify(.) by extension 'python'
[0.149s] Level 1:colcon.colcon_core.package_identification:_identify(.) by extensions ['python_setup_py']
[0.149s] Level 1:colcon.colcon_core.package_identification:_identify(.) by extension 'python_setup_py'
[0.149s] Level 1:colcon.colcon_core.package_identification:_identify(build) by extensions ['ignore', 'ignore_ament_install']
[0.149s] Level 1:colcon.colcon_core.package_identification:_identify(build) by extension 'ignore'
[0.149s] Level 1:colcon.colcon_core.package_identification:_identify(build) ignored
[0.149s] Level 1:colcon.colcon_core.package_identification:_identify(buoy_sub_geo_sim) by extensions ['ignore', 'ignore_ament_install']
[0.149s] Level 1:colcon.colcon_core.package_identification:_identify(buoy_sub_geo_sim) by extension 'ignore'
[0.149s] Level 1:colcon.colcon_core.package_identification:_identify(buoy_sub_geo_sim) by extension 'ignore_ament_install'
[0.149s] Level 1:colcon.colcon_core.package_identification:_identify(buoy_sub_geo_sim) by extensions ['colcon_pkg']
[0.149s] Level 1:colcon.colcon_core.package_identification:_identify(buoy_sub_geo_sim) by extension 'colcon_pkg'
[0.149s] Level 1:colcon.colcon_core.package_identification:_identify(buoy_sub_geo_sim) by extensions ['colcon_meta']
[0.149s] Level 1:colcon.colcon_core.package_identification:_identify(buoy_sub_geo_sim) by extension 'colcon_meta'
[0.150s] Level 1:colcon.colcon_core.package_identification:_identify(buoy_sub_geo_sim) by extensions ['ros']
[0.150s] Level 1:colcon.colcon_core.package_identification:_identify(buoy_sub_geo_sim) by extension 'ros'
[0.151s] DEBUG:colcon.colcon_core.package_identification:Package 'buoy_sub_geo_sim' with type 'ros.ament_python' and name 'buoy_sub_geo_sim'
[0.152s] Level 1:colcon.colcon_core.package_identification:_identify(install) by extensions ['ignore', 'ignore_ament_install']
[0.152s] Level 1:colcon.colcon_core.package_identification:_identify(install) by extension 'ignore'
[0.152s] Level 1:colcon.colcon_core.package_identification:_identify(install) ignored
[0.152s] Level 1:colcon.colcon_core.package_identification:_identify(log) by extensions ['ignore', 'ignore_ament_install']
[0.152s] Level 1:colcon.colcon_core.package_identification:_identify(log) by extension 'ignore'
[0.152s] Level 1:colcon.colcon_core.package_identification:_identify(log) ignored
[0.152s] Level 1:colcon.colcon_core.package_discovery:discover_packages(recursive) using defaults
[0.152s] Level 1:colcon.colcon_core.package_discovery:discover_packages(ignore) discover
[0.152s] Level 1:colcon.colcon_core.package_discovery:discover_packages(ignore) using defaults
[0.152s] Level 1:colcon.colcon_core.package_discovery:discover_packages(path) discover
[0.152s] Level 1:colcon.colcon_core.package_discovery:discover_packages(path) using defaults
[0.166s] Level 1:colcon.colcon_core.package_discovery:discover_packages(prefix_path) check parameters
[0.166s] Level 1:colcon.colcon_core.package_discovery:discover_packages(prefix_path) discover
[0.167s] WARNING:colcon.colcon_ros.prefix_path.ament:The path '/home/heshan-sidantha/fyp_ws/install/sub_sim' in the environment variable AMENT_PREFIX_PATH doesn't exist
[0.167s] WARNING:colcon.colcon_ros.prefix_path.ament:The path '/home/heshan-sidantha/fyp_ws/install/sim_bringup' in the environment variable AMENT_PREFIX_PATH doesn't exist
[0.167s] WARNING:colcon.colcon_ros.prefix_path.ament:The path '/home/heshan-sidantha/fyp_ws/install/geo_estimator' in the environment variable AMENT_PREFIX_PATH doesn't exist
[0.167s] WARNING:colcon.colcon_ros.prefix_path.ament:The path '/home/heshan-sidantha/fyp_ws/install/buoy_sim' in the environment variable AMENT_PREFIX_PATH doesn't exist
[0.168s] DEBUG:colcon.colcon_installed_package_information.package_discovery:Found 1 installed packages in /home/heshan-sidantha/fyp_ws/install
[0.169s] DEBUG:colcon.colcon_installed_package_information.package_discovery:Found 317 installed packages in /opt/ros/jazzy
[0.170s] Level 1:colcon.colcon_core.package_discovery:discover_packages(prefix_path) using defaults
[0.207s] Level 5:colcon.colcon_core.verb:set package 'buoy_sub_geo_sim' build argument 'cmake_args' from command line to 'None'
[0.207s] Level 5:colcon.colcon_core.verb:set package 'buoy_sub_geo_sim' build argument 'cmake_target' from command line to 'None'
[0.207s] Level 5:colcon.colcon_core.verb:set package 'buoy_sub_geo_sim' build argument 'cmake_target_skip_unavailable' from command line to 'False'
[0.207s] Level 5:colcon.colcon_core.verb:set package 'buoy_sub_geo_sim' build argument 'cmake_clean_cache' from command line to 'False'
[0.207s] Level 5:colcon.colcon_core.verb:set package 'buoy_sub_geo_sim' build argument 'cmake_clean_first' from command line to 'False'
[0.207s] Level 5:colcon.colcon_core.verb:set package 'buoy_sub_geo_sim' build argument 'cmake_force_configure' from command line to 'False'
[0.207s] Level 5:colcon.colcon_core.verb:set package 'buoy_sub_geo_sim' build argument 'ament_cmake_args' from command line to 'None'
[0.207s] Level 5:colcon.colcon_core.verb:set package 'buoy_sub_geo_sim' build argument 'catkin_cmake_args' from command line to 'None'
[0.207s] Level 5:colcon.colcon_core.verb:set package 'buoy_sub_geo_sim' build argument 'catkin_skip_building_tests' from command line to 'False'
[0.207s] DEBUG:colcon.colcon_core.verb:Building package 'buoy_sub_geo_sim' with the following arguments: {'ament_cmake_args': None, 'build_base': '/home/heshan-sidantha/fyp_ws/build/buoy_sub_geo_sim', 'catkin_cmake_args': None, 'catkin_skip_building_tests': False, 'cmake_args': None, 'cmake_clean_cache': False, 'cmake_clean_first': False, 'cmake_force_configure': False, 'cmake_target': None, 'cmake_target_skip_unavailable': False, 'install_base': '/home/heshan-sidantha/fyp_ws/install/buoy_sub_geo_sim', 'merge_install': False, 'path': '/home/heshan-sidantha/fyp_ws/buoy_sub_geo_sim', 'symlink_install': False, 'test_result_base': None}
[0.207s] INFO:colcon.colcon_core.executor:Executing jobs using 'parallel' executor
[0.208s] DEBUG:colcon.colcon_parallel_executor.executor.parallel:run_until_complete
[0.208s] INFO:colcon.colcon_ros.task.ament_python.build:Building ROS package in '/home/heshan-sidantha/fyp_ws/buoy_sub_geo_sim' with build type 'ament_python'
[0.209s] Level 1:colcon.colcon_core.shell:create_environment_hook('buoy_sub_geo_sim', 'ament_prefix_path')
[0.210s] INFO:colcon.colcon_core.plugin_system:Skipping extension 'colcon_core.shell.bat': Not used on non-Windows systems
[0.211s] INFO:colcon.colcon_core.shell:Creating environment hook '/home/heshan-sidantha/fyp_ws/install/buoy_sub_geo_sim/share/buoy_sub_geo_sim/hook/ament_prefix_path.ps1'
[0.211s] INFO:colcon.colcon_core.shell:Creating environment descriptor '/home/heshan-sidantha/fyp_ws/install/buoy_sub_geo_sim/share/buoy_sub_geo_sim/hook/ament_prefix_path.dsv'
[0.211s] INFO:colcon.colcon_core.shell:Creating environment hook '/home/heshan-sidantha/fyp_ws/install/buoy_sub_geo_sim/share/buoy_sub_geo_sim/hook/ament_prefix_path.sh'
[0.212s] INFO:colcon.colcon_core.shell:Skip shell extension 'powershell' for command environment: Not usable outside of PowerShell
[0.212s] DEBUG:colcon.colcon_core.shell:Skip shell extension 'dsv' for command environment
[0.396s] INFO:colcon.colcon_core.task.python.build:Building Python package in '/home/heshan-sidantha/fyp_ws/buoy_sub_geo_sim'
[0.397s] INFO:colcon.colcon_core.shell:Skip shell extension 'powershell' for command environment: Not usable outside of PowerShell
[0.397s] DEBUG:colcon.colcon_core.shell:Skip shell extension 'dsv' for command environment
[0.933s] DEBUG:colcon.colcon_core.event_handler.log_command:Invoking command in '/home/heshan-sidantha/fyp_ws/buoy_sub_geo_sim': DEBUGINFOD_URLS=https://debuginfod.ubuntu.com PYTHONPATH=/home/heshan-sidantha/fyp_ws/build/buoy_sub_geo_sim/prefix_override:/usr/lib/python3/dist-packages/colcon_core/task/python/colcon_distutils_commands:/home/heshan-sidantha/fyp_ws/install/buoy_sub_geo_sim/lib/python3.12/site-packages:${PYTHONPATH} /usr/bin/python3 -W ignore:setup.py install is deprecated -W ignore:easy_install command is deprecated setup.py egg_info --egg-base ../build/buoy_sub_geo_sim build --build-base /home/heshan-sidantha/fyp_ws/build/buoy_sub_geo_sim/build install --record /home/heshan-sidantha/fyp_ws/build/buoy_sub_geo_sim/install.log --single-version-externally-managed install_data
[1.407s] DEBUG:colcon.colcon_core.event_handler.log_command:Invoked command in '/home/heshan-sidantha/fyp_ws/buoy_sub_geo_sim' returned '0': DEBUGINFOD_URLS=https://debuginfod.ubuntu.com PYTHONPATH=/home/heshan-sidantha/fyp_ws/build/buoy_sub_geo_sim/prefix_override:/usr/lib/python3/dist-packages/colcon_core/task/python/colcon_distutils_commands:/home/heshan-sidantha/fyp_ws/install/buoy_sub_geo_sim/lib/python3.12/site-packages:${PYTHONPATH} /usr/bin/python3 -W ignore:setup.py install is deprecated -W ignore:easy_install command is deprecated setup.py egg_info --egg-base ../build/buoy_sub_geo_sim build --build-base /home/heshan-sidantha/fyp_ws/build/buoy_sub_geo_sim/build install --record /home/heshan-sidantha/fyp_ws/build/buoy_sub_geo_sim/install.log --single-version-externally-managed install_data
[1.411s] Level 1:colcon.colcon_core.environment:checking '/home/heshan-sidantha/fyp_ws/install/buoy_sub_geo_sim' for CMake module files
[1.412s] Level 1:colcon.colcon_core.environment:checking '/home/heshan-sidantha/fyp_ws/install/buoy_sub_geo_sim' for CMake config files
[1.414s] Level 1:colcon.colcon_core.environment:checking '/home/heshan-sidantha/fyp_ws/install/buoy_sub_geo_sim/lib'
[1.414s] Level 1:colcon.colcon_core.environment:checking '/home/heshan-sidantha/fyp_ws/install/buoy_sub_geo_sim/bin'
[1.414s] Level 1:colcon.colcon_core.environment:checking '/home/heshan-sidantha/fyp_ws/install/buoy_sub_geo_sim/lib/pkgconfig/buoy_sub_geo_sim.pc'
[1.415s] Level 1:colcon.colcon_core.environment:checking '/home/heshan-sidantha/fyp_ws/install/buoy_sub_geo_sim/lib/python3.12/site-packages'
[1.415s] Level 1:colcon.colcon_core.shell:create_environment_hook('buoy_sub_geo_sim', 'pythonpath')
[1.415s] INFO:colcon.colcon_core.shell:Creating environment hook '/home/heshan-sidantha/fyp_ws/install/buoy_sub_geo_sim/share/buoy_sub_geo_sim/hook/pythonpath.ps1'
[1.416s] INFO:colcon.colcon_core.shell:Creating environment descriptor '/home/heshan-sidantha/fyp_ws/install/buoy_sub_geo_sim/share/buoy_sub_geo_sim/hook/pythonpath.dsv'
[1.417s] INFO:colcon.colcon_core.shell:Creating environment hook '/home/heshan-sidantha/fyp_ws/install/buoy_sub_geo_sim/share/buoy_sub_geo_sim/hook/pythonpath.sh'
[1.419s] Level 1:colcon.colcon_core.environment:checking '/home/heshan-sidantha/fyp_ws/install/buoy_sub_geo_sim/bin'
[1.419s] Level 1:colcon.colcon_core.environment:create_environment_scripts_only(buoy_sub_geo_sim)
[1.419s] INFO:colcon.colcon_core.shell:Creating package script '/home/heshan-sidantha/fyp_ws/install/buoy_sub_geo_sim/share/buoy_sub_geo_sim/package.ps1'
[1.421s] INFO:colcon.colcon_core.shell:Creating package descriptor '/home/heshan-sidantha/fyp_ws/install/buoy_sub_geo_sim/share/buoy_sub_geo_sim/package.dsv'
[1.422s] INFO:colcon.colcon_core.shell:Creating package script '/home/heshan-sidantha/fyp_ws/install/buoy_sub_geo_sim/share/buoy_sub_geo_sim/package.sh'
[1.423s] INFO:colcon.colcon_core.shell:Creating package script '/home/heshan-sidantha/fyp_ws/install/buoy_sub_geo_sim/share/buoy_sub_geo_sim/package.bash'
[1.425s] INFO:colcon.colcon_core.shell:Creating package script '/home/heshan-sidantha/fyp_ws/install/buoy_sub_geo_sim/share/buoy_sub_geo_sim/package.zsh'
[1.426s] Level 1:colcon.colcon_core.environment:create_file_with_runtime_dependencies(/home/heshan-sidantha/fyp_ws/install/buoy_sub_geo_sim/share/colcon-core/packages/buoy_sub_geo_sim)
[1.427s] DEBUG:colcon.colcon_parallel_executor.executor.parallel:closing loop
[1.428s] DEBUG:colcon.colcon_parallel_executor.executor.parallel:loop closed
[1.428s] DEBUG:colcon.colcon_parallel_executor.executor.parallel:run_until_complete finished with '0'
[1.428s] DEBUG:colcon.colcon_core.event_reactor:joining thread
[1.439s] INFO:colcon.colcon_core.plugin_system:Skipping extension 'colcon_notification.desktop_notification.terminal_notifier': Not used on non-Darwin systems
[1.439s] INFO:colcon.colcon_core.plugin_system:Skipping extension 'colcon_notification.desktop_notification.win32': Not used on non-Windows systems
[1.439s] INFO:colcon.colcon_notification.desktop_notification:Sending desktop notification using 'notify2'
[1.465s] DEBUG:colcon.colcon_core.event_reactor:joined thread
[1.465s] INFO:colcon.colcon_core.shell:Creating prefix script '/home/heshan-sidantha/fyp_ws/install/local_setup.ps1'
[1.467s] INFO:colcon.colcon_core.shell:Creating prefix util module '/home/heshan-sidantha/fyp_ws/install/_local_setup_util_ps1.py'
[1.470s] INFO:colcon.colcon_core.shell:Creating prefix chain script '/home/heshan-sidantha/fyp_ws/install/setup.ps1'
[1.472s] INFO:colcon.colcon_core.shell:Creating prefix script '/home/heshan-sidantha/fyp_ws/install/local_setup.sh'
[1.473s] INFO:colcon.colcon_core.shell:Creating prefix util module '/home/heshan-sidantha/fyp_ws/install/_local_setup_util_sh.py'
[1.474s] INFO:colcon.colcon_core.shell:Creating prefix chain script '/home/heshan-sidantha/fyp_ws/install/setup.sh'
[1.476s] INFO:colcon.colcon_core.shell:Creating prefix script '/home/heshan-sidantha/fyp_ws/install/local_setup.bash'
[1.477s] INFO:colcon.colcon_core.shell:Creating prefix chain script '/home/heshan-sidantha/fyp_ws/install/setup.bash'
[1.479s] INFO:colcon.colcon_core.shell:Creating prefix script '/home/heshan-sidantha/fyp_ws/install/local_setup.zsh'
[1.479s] INFO:colcon.colcon_core.shell:Creating prefix chain script '/home/heshan-sidantha/fyp_ws/install/setup.zsh'
